<?xml version="1.0" encoding="UTF-8"?>
<testng-results ignored="0" total="1" passed="1" failed="0" skipped="0">
  <reporter-output>
  </reporter-output>
  <suite started-at="2025-08-07T13:09:25 IST" name="Default suite" finished-at="2025-08-07T13:09:53 IST" duration-ms="28220">
    <groups>
    </groups>
    <test started-at="2025-08-07T13:09:25 IST" name="Default test" finished-at="2025-08-07T13:09:53 IST" duration-ms="28220">
      <class name="testCases.TC02_HomePageTest">
        <test-method is-config="true" signature="setup()[pri:0, instance:testCases.TC02_HomePageTest@6302bbb1]" started-at="2025-08-07T13:09:25 IST" name="setup" finished-at="2025-08-07T13:09:41 IST" duration-ms="16012" status="PASS">
          <reporter-output>
          </reporter-output>
        </test-method> <!-- setup -->
        <test-method signature="verify_HomepageText()[pri:0, instance:testCases.TC02_HomePageTest@6302bbb1]" started-at="2025-08-07T13:09:41 IST" name="verify_HomepageText" finished-at="2025-08-07T13:09:53 IST" duration-ms="11735" status="PASS">
          <reporter-output>
          </reporter-output>
        </test-method> <!-- verify_HomepageText -->
        <test-method is-config="true" signature="teardown()[pri:0, instance:testCases.TC02_HomePageTest@6302bbb1]" started-at="2025-08-07T13:09:53 IST" name="teardown" finished-at="2025-08-07T13:09:53 IST" duration-ms="406" status="PASS">
          <reporter-output>
          </reporter-output>
        </test-method> <!-- teardown -->
      </class> <!-- testCases.TC02_HomePageTest -->
    </test> <!-- Default test -->
  </suite> <!-- Default suite -->
</testng-results>
